<?xml version="1.0" encoding="UTF-8"?>
<testsuite xmlns:xsi="http://www.w3.org/2001/XMLSchema-instance" xsi:noNamespaceSchemaLocation="https://maven.apache.org/surefire/maven-surefire-plugin/xsd/surefire-test-report.xsd" name="com.stackoverflow.bar.ApplicaitonTest" time="2.043" tests="2" errors="0" skipped="0" failures="0">
  <properties>
[...]
</properties>
  <testcase name="testB" classname="com.stackoverflow.bar.ApplicaitonTest" time="0.259"/>
  <testcase name="testContextLoads" classname="com.stackoverflow.bar.ApplicaitonTest" time="0.005"/>
</testsuite>